D:\PROJECT\2015\SOURCE\BUILDINGEVALUTION_V2\DEBUG\ARY.OBJ
D:\PROJECT\2015\SOURCE\BUILDINGEVALUTION_V2\DEBUG\BUILDINGEVALUTION.OBJ
D:\PROJECT\2015\SOURCE\BUILDINGEVALUTION_V2\DEBUG\BUILDINGEVALUTION.RES
D:\Project\2015\SOURCE\BuildingEvalution_v2\Debug\BuildingEvalution.vcxprojResolveAssemblyReference.cache
D:\PROJECT\2015\SOURCE\BUILDINGEVALUTION_V2\DEBUG\BUILDINGEVALUTION_V2.EXE
D:\PROJECT\2015\SOURCE\BUILDINGEVALUTION_V2\DEBUG\BUILDINGEVALUTION_V2.EXE.EMBED.MANIFEST
D:\PROJECT\2015\SOURCE\BUILDINGEVALUTION_V2\DEBUG\BUILDINGEVALUTION_V2.EXE.EMBED.MANIFEST.RES
D:\PROJECT\2015\SOURCE\BUILDINGEVALUTION_V2\DEBUG\BUILDINGEVALUTION_V2.EXE.INTERMEDIATE.MANIFEST
D:\PROJECT\2015\SOURCE\BUILDINGEVALUTION_V2\DEBUG\BUILDINGEVALUTION_V2.ILK
D:\PROJECT\2015\SOURCE\BUILDINGEVALUTION_V2\DEBUG\BUILDINGEVALUTION_V2.MAP
D:\PROJECT\2015\SOURCE\BUILDINGEVALUTION_V2\DEBUG\BUILDINGEVALUTION_V2.PCH
D:\PROJECT\2015\SOURCE\BUILDINGEVALUTION_V2\DEBUG\BUILDINGEVALUTION_V2.PDB
D:\Project\2015\SOURCE\BuildingEvalution_v2\Debug\BuildingEvalution_v2.write.1.tlog
D:\Project\2015\SOURCE\BuildingEvalution_v2\Debug\BuildingEvalution_v2_manifest.rc
D:\PROJECT\2015\SOURCE\BUILDINGEVALUTION_V2\DEBUG\BUILDINGEVALUTIONDLG.OBJ
D:\Project\2015\SOURCE\BuildingEvalution_v2\Debug\cl.command.1.tlog
D:\Project\2015\SOURCE\BuildingEvalution_v2\Debug\CL.read.1.tlog
D:\Project\2015\SOURCE\BuildingEvalution_v2\Debug\CL.write.1.tlog
D:\PROJECT\2015\SOURCE\BUILDINGEVALUTION_V2\DEBUG\FFT_COMMON.OBJ
D:\PROJECT\2015\SOURCE\BUILDINGEVALUTION_V2\DEBUG\GROUNDACCTYPE.OBJ
D:\PROJECT\2015\SOURCE\BUILDINGEVALUTION_V2\DEBUG\INIFUNC.OBJ
D:\Project\2015\SOURCE\BuildingEvalution_v2\Debug\link.command.1.tlog
D:\Project\2015\SOURCE\BuildingEvalution_v2\Debug\link.read.1.tlog
D:\Project\2015\SOURCE\BuildingEvalution_v2\Debug\link.read.2.tlog
D:\Project\2015\SOURCE\BuildingEvalution_v2\Debug\link.write.1.tlog
D:\Project\2015\SOURCE\BuildingEvalution_v2\Debug\link-cvtres.read.1.tlog
D:\Project\2015\SOURCE\BuildingEvalution_v2\Debug\link-cvtres.write.1.tlog
D:\PROJECT\2015\SOURCE\BUILDINGEVALUTION_V2\DEBUG\LOGFUNC.OBJ
D:\PROJECT\2015\SOURCE\BUILDINGEVALUTION_V2\DEBUG\MAKEEVALUTIONBASEDATA.OBJ
D:\PROJECT\2015\SOURCE\BUILDINGEVALUTION_V2\DEBUG\MSEED2GASCII.OBJ
D:\Project\2015\SOURCE\BuildingEvalution_v2\Debug\mt.command.1.tlog
D:\Project\2015\SOURCE\BuildingEvalution_v2\Debug\mt.read.1.tlog
D:\Project\2015\SOURCE\BuildingEvalution_v2\Debug\mt.write.1.tlog
D:\PROJECT\2015\SOURCE\BUILDINGEVALUTION_V2\DEBUG\MYSQLCLASSCPP.OBJ
D:\Project\2015\SOURCE\BuildingEvalution_v2\Debug\rc.command.1.tlog
D:\Project\2015\SOURCE\BuildingEvalution_v2\Debug\rc.read.1.tlog
D:\Project\2015\SOURCE\BuildingEvalution_v2\Debug\rc.write.1.tlog
D:\PROJECT\2015\SOURCE\BUILDINGEVALUTION_V2\DEBUG\SPECTRUMTYPE.OBJ
D:\PROJECT\2015\SOURCE\BUILDINGEVALUTION_V2\DEBUG\STDAFX.OBJ
D:\Project\2015\SOURCE\BuildingEvalution_v2\Debug\vc100.idb
D:\PROJECT\2015\SOURCE\BUILDINGEVALUTION_V2\DEBUG\VC100.PDB
D:\PROJECT\2015\SOURCE\BUILDINGEVALUTION_V2\DEBUG\WAVEDATAMANAGER.OBJ
