D:\PROJECT\2015\SOURCE\BUILDINGEVALUTION_V2\RELEASE\ARY.OBJ
D:\PROJECT\2015\SOURCE\BUILDINGEVALUTION_V2\RELEASE\BUILDINGEVALUTION.OBJ
D:\PROJECT\2015\SOURCE\BUILDINGEVALUTION_V2\RELEASE\BUILDINGEVALUTION.RES
D:\PROJECT\2015\SOURCE\BUILDINGEVALUTION_V2\RELEASE\BUILDINGEVALUTION_V2.EXE
D:\PROJECT\2015\SOURCE\BUILDINGEVALUTION_V2\RELEASE\BUILDINGEVALUTION_V2.EXE.INTERMEDIATE.MANIFEST
D:\PROJECT\2015\SOURCE\BUILDINGEVALUTION_V2\RELEASE\BUILDINGEVALUTION_V2.PCH
D:\PROJECT\2015\SOURCE\BUILDINGEVALUTION_V2\RELEASE\BUILDINGEVALUTION_V2.PDB
D:\Project\2015\SOURCE\BuildingEvalution_v2\Release\BuildingEvalution_v2.write.1.tlog
D:\PROJECT\2015\SOURCE\BUILDINGEVALUTION_V2\RELEASE\BUILDINGEVALUTIONDLG.OBJ
D:\Project\2015\SOURCE\BuildingEvalution_v2\Release\cl.command.1.tlog
D:\Project\2015\SOURCE\BuildingEvalution_v2\Release\CL.read.1.tlog
D:\Project\2015\SOURCE\BuildingEvalution_v2\Release\CL.write.1.tlog
D:\PROJECT\2015\SOURCE\BUILDINGEVALUTION_V2\RELEASE\FFT_COMMON.OBJ
D:\PROJECT\2015\SOURCE\BUILDINGEVALUTION_V2\RELEASE\INIFUNC.OBJ
D:\Project\2015\SOURCE\BuildingEvalution_v2\Release\link.command.1.tlog
D:\Project\2015\SOURCE\BuildingEvalution_v2\Release\link.read.1.tlog
D:\Project\2015\SOURCE\BuildingEvalution_v2\Release\link.write.1.tlog
D:\Project\2015\SOURCE\BuildingEvalution_v2\Release\link-cvtres.read.1.tlog
D:\Project\2015\SOURCE\BuildingEvalution_v2\Release\link-cvtres.write.1.tlog
D:\PROJECT\2015\SOURCE\BUILDINGEVALUTION_V2\RELEASE\LOGFUNC.OBJ
D:\PROJECT\2015\SOURCE\BUILDINGEVALUTION_V2\RELEASE\MAKEEVALUTIONBASEDATA.OBJ
D:\PROJECT\2015\SOURCE\BUILDINGEVALUTION_V2\RELEASE\MSEED2GASCII.OBJ
D:\Project\2015\SOURCE\BuildingEvalution_v2\Release\mt.command.1.tlog
D:\Project\2015\SOURCE\BuildingEvalution_v2\Release\mt.read.1.tlog
D:\Project\2015\SOURCE\BuildingEvalution_v2\Release\mt.write.1.tlog
D:\PROJECT\2015\SOURCE\BUILDINGEVALUTION_V2\RELEASE\MYSQLCLASSCPP.OBJ
D:\Project\2015\SOURCE\BuildingEvalution_v2\Release\rc.command.1.tlog
D:\Project\2015\SOURCE\BuildingEvalution_v2\Release\rc.read.1.tlog
D:\Project\2015\SOURCE\BuildingEvalution_v2\Release\rc.write.1.tlog
D:\PROJECT\2015\SOURCE\BUILDINGEVALUTION_V2\RELEASE\STDAFX.OBJ
D:\PROJECT\2015\SOURCE\BUILDINGEVALUTION_V2\RELEASE\VC100.PDB
D:\PROJECT\2015\SOURCE\BUILDINGEVALUTION_V2\RELEASE\WAVEDATAMANAGER.OBJ
